{"uuid":"f778998a-e347-4ea1-a118-c31c0a99bff4","historyId":"69ae768152f552377f105997642d7d8e:5bd835b0d6b1d4ada3b9f0db936e82c8","status":"failed","statusDetails":{"message":"locator.click: DOMException: Failed to execute 'evaluate' on 'Document': The string '(//a[text()='Login'])[1])' is not a valid XPath expression.\n    at Object.queryAll (<anonymous>:23:25)\n    at InjectedScript._queryEngineAll (<anonymous>:4763:49)\n    at InjectedScript.querySelectorAll (<anonymous>:4750:30)\n    at eval (eval at evaluate (:202:30), <anonymous>:4:35)\n    at UtilityScript.evaluate (<anonymous>:204:17)\n    at UtilityScript.<anonymous> (<anonymous>:1:44)\n=========================== logs ===========================\nwaiting for locator('xpath=(//a[text()=\\'Login\\'])[1])')\n============================================================","trace":"\n    at Object.queryAll (C:\\Users\\manas\\OneDrive\\Documents\\playwright-demo\\<anonymous>:23:25)\n    at InjectedScript._queryEngineAll (C:\\Users\\manas\\OneDrive\\Documents\\playwright-demo\\<anonymous>:4763:49)\n    at InjectedScript.querySelectorAll (C:\\Users\\manas\\OneDrive\\Documents\\playwright-demo\\<anonymous>:4750:30)\n    at eval (C:\\Users\\manas\\OneDrive\\Documents\\playwright-demo\\eval at evaluate (:202:30), <anonymous>:4:35)\n    at UtilityScript.evaluate (C:\\Users\\manas\\OneDrive\\Documents\\playwright-demo\\<anonymous>:204:17)\n    at UtilityScript.<anonymous> (C:\\Users\\manas\\OneDrive\\Documents\\playwright-demo\\<anonymous>:1:44)\n    at C:\\Users\\manas\\OneDrive\\Documents\\playwright-demo\\tests\\multiplePage.spec.ts:15:51"},"stage":"pending","steps":[{"status":"passed","statusDetails":{},"stage":"pending","steps":[{"status":"passed","statusDetails":{},"stage":"pending","steps":[{"status":"passed","statusDetails":{},"stage":"pending","steps":[],"attachments":[],"parameters":[],"start":1698933251731,"name":"browserType.launch","stop":1698933253195}],"attachments":[],"parameters":[],"start":1698933251728,"name":"fixture: browser","stop":1698933253195},{"status":"passed","statusDetails":{},"stage":"pending","steps":[{"status":"passed","statusDetails":{},"stage":"pending","steps":[],"attachments":[],"parameters":[],"start":1698933253201,"name":"browser.newContext","stop":1698933253225}],"attachments":[],"parameters":[],"start":1698933253198,"name":"fixture: context","stop":1698933253230},{"status":"passed","statusDetails":{},"stage":"pending","steps":[{"status":"passed","statusDetails":{},"stage":"pending","steps":[],"attachments":[],"parameters":[],"start":1698933253234,"name":"browserContext.newPage","stop":1698933253547}],"attachments":[],"parameters":[],"start":1698933253231,"name":"fixture: page","stop":1698933253548}],"attachments":[],"parameters":[],"start":1698933251711,"name":"Before Hooks","stop":1698933253548},{"status":"passed","statusDetails":{},"stage":"pending","steps":[],"attachments":[],"parameters":[],"start":1698933253554,"name":"page.goto(https://www.checklyhq.com/)","stop":1698933256863},{"status":"passed","statusDetails":{},"stage":"pending","steps":[],"attachments":[],"parameters":[],"start":1698933256866,"name":"browserContext.newPage","stop":1698933256961},{"status":"failed","statusDetails":{"message":"browserContext.waitForEvent: Context closed","trace":"\n    at C:\\Users\\manas\\OneDrive\\Documents\\playwright-demo\\tests\\multiplePage.spec.ts:14:17"},"stage":"pending","steps":[{"status":"failed","statusDetails":{"message":"locator.click: DOMException: Failed to execute 'evaluate' on 'Document': The string '(//a[text()='Login'])[1])' is not a valid XPath expression.\n    at Object.queryAll (<anonymous>:23:25)\n    at InjectedScript._queryEngineAll (<anonymous>:4763:49)\n    at InjectedScript.querySelectorAll (<anonymous>:4750:30)\n    at eval (eval at evaluate (:202:30), <anonymous>:4:35)\n    at UtilityScript.evaluate (<anonymous>:204:17)\n    at UtilityScript.<anonymous> (<anonymous>:1:44)\n=========================== logs ===========================\nwaiting for locator('xpath=(//a[text()=\\'Login\\'])[1])')\n============================================================","trace":"\n    at Object.queryAll (C:\\Users\\manas\\OneDrive\\Documents\\playwright-demo\\<anonymous>:23:25)\n    at InjectedScript._queryEngineAll (C:\\Users\\manas\\OneDrive\\Documents\\playwright-demo\\<anonymous>:4763:49)\n    at InjectedScript.querySelectorAll (C:\\Users\\manas\\OneDrive\\Documents\\playwright-demo\\<anonymous>:4750:30)\n    at eval (C:\\Users\\manas\\OneDrive\\Documents\\playwright-demo\\eval at evaluate (:202:30), <anonymous>:4:35)\n    at UtilityScript.evaluate (C:\\Users\\manas\\OneDrive\\Documents\\playwright-demo\\<anonymous>:204:17)\n    at UtilityScript.<anonymous> (C:\\Users\\manas\\OneDrive\\Documents\\playwright-demo\\<anonymous>:1:44)\n    at C:\\Users\\manas\\OneDrive\\Documents\\playwright-demo\\tests\\multiplePage.spec.ts:15:51"},"stage":"pending","steps":[],"attachments":[],"parameters":[],"start":1698933256972,"name":"locator.click((//a[text()='Login'])[1]))","stop":1698933257044}],"attachments":[],"parameters":[],"start":1698933256967,"name":"browserContext.waitForEvent","stop":1698933257178},{"status":"failed","statusDetails":{"message":"locator.click: DOMException: Failed to execute 'evaluate' on 'Document': The string '(//a[text()='Login'])[1])' is not a valid XPath expression.\n    at Object.queryAll (<anonymous>:23:25)\n    at InjectedScript._queryEngineAll (<anonymous>:4763:49)\n    at InjectedScript.querySelectorAll (<anonymous>:4750:30)\n    at eval (eval at evaluate (:202:30), <anonymous>:4:35)\n    at UtilityScript.evaluate (<anonymous>:204:17)\n    at UtilityScript.<anonymous> (<anonymous>:1:44)\n=========================== logs ===========================\nwaiting for locator('xpath=(//a[text()=\\'Login\\'])[1])')\n============================================================","trace":"\n    at Object.queryAll (C:\\Users\\manas\\OneDrive\\Documents\\playwright-demo\\<anonymous>:23:25)\n    at InjectedScript._queryEngineAll (C:\\Users\\manas\\OneDrive\\Documents\\playwright-demo\\<anonymous>:4763:49)\n    at InjectedScript.querySelectorAll (C:\\Users\\manas\\OneDrive\\Documents\\playwright-demo\\<anonymous>:4750:30)\n    at eval (C:\\Users\\manas\\OneDrive\\Documents\\playwright-demo\\eval at evaluate (:202:30), <anonymous>:4:35)\n    at UtilityScript.evaluate (C:\\Users\\manas\\OneDrive\\Documents\\playwright-demo\\<anonymous>:204:17)\n    at UtilityScript.<anonymous> (C:\\Users\\manas\\OneDrive\\Documents\\playwright-demo\\<anonymous>:1:44)\n    at C:\\Users\\manas\\OneDrive\\Documents\\playwright-demo\\tests\\multiplePage.spec.ts:15:51"},"stage":"pending","steps":[],"attachments":[],"parameters":[],"start":1698933257044,"name":"locator.click: DOMException: Failed to execute 'evaluate' on 'Document': The string '(//a[text()='Login'])[1])' is not a valid XPath expression.\n    at Object.queryAll (<anonymous>:23:25)\n    at InjectedScript._queryEngineAll (<anonymous>:4763:49)\n    at InjectedScript.querySelectorAll (<anonymous>:4750:30)\n    at eval (eval at evaluate (:202:30), <anonymous>:4:35)\n    at UtilityScript.evaluate (<anonymous>:204:17)\n    at UtilityScript.<anonymous> (<anonymous>:1:44)\n=========================== logs ===========================\nwaiting for locator('xpath=(//a[text()=\\'Login\\'])[1])')\n============================================================","stop":1698933257045},{"status":"passed","statusDetails":{},"stage":"pending","steps":[{"status":"passed","statusDetails":{},"stage":"pending","steps":[],"attachments":[],"parameters":[],"start":1698933257046,"name":"fixture: page","stop":1698933257046},{"status":"passed","statusDetails":{},"stage":"pending","steps":[],"attachments":[],"parameters":[],"start":1698933257046,"name":"fixture: context","stop":1698933257047},{"status":"passed","statusDetails":{},"stage":"pending","steps":[],"attachments":[],"parameters":[],"start":1698933257178,"name":"video.saveAs","stop":1698933257185},{"status":"passed","statusDetails":{},"stage":"pending","steps":[],"attachments":[],"parameters":[],"start":1698933257180,"name":"video.saveAs","stop":1698933257189},{"status":"passed","statusDetails":{},"stage":"pending","steps":[],"attachments":[],"parameters":[],"start":1698933257194,"name":"fixture: browser","stop":1698933257394}],"attachments":[],"parameters":[],"start":1698933257045,"name":"After Hooks","stop":1698933257394}],"attachments":[{"name":"video","type":"video/webm","source":"78730afc-42e0-4971-ba72-1616228e2d4b-attachment.webm"},{"name":"video","type":"video/webm","source":"3bbcaaa6-8c95-40ce-a3d8-e79c107f9ee5-attachment.webm"}],"parameters":[{"name":"Project","value":"chromium"}],"labels":[{"name":"language","value":"JavaScript"},{"name":"framework","value":"Playwright"},{"name":"titlePath","value":" > chromium > multiplePage.spec.ts"},{"name":"host","value":"Manasamayu"},{"name":"thread","value":"Manasamayu-42200-playwright-worker-0"},{"name":"parentSuite","value":"chromium"},{"name":"suite","value":"multiplePage.spec.ts"}],"links":[],"start":1698933251707,"name":"multiple Page Tests","fullName":"multiplePage.spec.ts#multiple Page Tests","testCaseId":"69ae768152f552377f105997642d7d8e","stop":1698933257406}